<?xml version="1.0" encoding="UTF-8"?>
<testng-results ignored="0" total="2" passed="2" failed="0" skipped="0">
  <reporter-output>
  </reporter-output>
  <suite started-at="2024-01-11T12:26:16 IST" name="Default suite" finished-at="2024-01-11T12:26:32 IST" duration-ms="15589">
    <groups>
    </groups>
    <test started-at="2024-01-11T12:26:16 IST" name="Default test" finished-at="2024-01-11T12:26:32 IST" duration-ms="15589">
      <class name="webElement.textbox.ToRegisterUserAndLoginTest">
        <test-method is-config="true" signature="bs()[pri:0, instance:webElement.textbox.ToRegisterUserAndLoginTest@117159c0]" started-at="2024-01-11T12:26:16 IST" name="bs" finished-at="2024-01-11T12:26:16 IST" duration-ms="21" status="PASS">
          <reporter-output>
          </reporter-output>
        </test-method> <!-- bs -->
        <test-method is-config="true" signature="bt()[pri:0, instance:webElement.textbox.ToRegisterUserAndLoginTest@117159c0]" started-at="2024-01-11T12:26:16 IST" name="bt" finished-at="2024-01-11T12:26:16 IST" duration-ms="0" status="PASS">
          <reporter-output>
          </reporter-output>
        </test-method> <!-- bt -->
        <test-method is-config="true" signature="bc()[pri:0, instance:webElement.textbox.ToRegisterUserAndLoginTest@117159c0]" started-at="2024-01-11T12:26:16 IST" name="bc" finished-at="2024-01-11T12:26:23 IST" duration-ms="7197" status="PASS">
          <reporter-output>
          </reporter-output>
        </test-method> <!-- bc -->
        <test-method is-config="true" signature="bm()[pri:0, instance:webElement.textbox.ToRegisterUserAndLoginTest@117159c0]" started-at="2024-01-11T12:26:23 IST" name="bm" finished-at="2024-01-11T12:26:23 IST" duration-ms="0" status="PASS">
          <reporter-output>
          </reporter-output>
        </test-method> <!-- bm -->
        <test-method signature="toRegisterUser()[pri:1, instance:webElement.textbox.ToRegisterUserAndLoginTest@117159c0]" started-at="2024-01-11T12:26:23 IST" name="toRegisterUser" finished-at="2024-01-11T12:26:28 IST" duration-ms="4825" status="PASS">
          <reporter-output>
          </reporter-output>
        </test-method> <!-- toRegisterUser -->
        <test-method is-config="true" signature="am()[pri:0, instance:webElement.textbox.ToRegisterUserAndLoginTest@117159c0]" started-at="2024-01-11T12:26:28 IST" name="am" finished-at="2024-01-11T12:26:28 IST" duration-ms="5" status="PASS">
          <reporter-output>
          </reporter-output>
        </test-method> <!-- am -->
        <test-method signature="loginUser()[pri:2, instance:webElement.textbox.ToRegisterUserAndLoginTest@117159c0]" started-at="2024-01-11T12:26:28 IST" name="loginUser" finished-at="2024-01-11T12:26:31 IST" duration-ms="2682" status="PASS">
          <reporter-output>
          </reporter-output>
        </test-method> <!-- loginUser -->
        <test-method is-config="true" signature="bm()[pri:0, instance:webElement.textbox.ToRegisterUserAndLoginTest@117159c0]" started-at="2024-01-11T12:26:28 IST" name="bm" finished-at="2024-01-11T12:26:28 IST" duration-ms="0" status="PASS">
          <reporter-output>
          </reporter-output>
        </test-method> <!-- bm -->
        <test-method is-config="true" signature="am()[pri:0, instance:webElement.textbox.ToRegisterUserAndLoginTest@117159c0]" started-at="2024-01-11T12:26:31 IST" name="am" finished-at="2024-01-11T12:26:31 IST" duration-ms="0" status="PASS">
          <reporter-output>
          </reporter-output>
        </test-method> <!-- am -->
        <test-method is-config="true" signature="ac()[pri:0, instance:webElement.textbox.ToRegisterUserAndLoginTest@117159c0]" started-at="2024-01-11T12:26:31 IST" name="ac" finished-at="2024-01-11T12:26:32 IST" duration-ms="816" status="PASS">
          <reporter-output>
          </reporter-output>
        </test-method> <!-- ac -->
        <test-method is-config="true" signature="at()[pri:0, instance:webElement.textbox.ToRegisterUserAndLoginTest@117159c0]" started-at="2024-01-11T12:26:32 IST" name="at" finished-at="2024-01-11T12:26:32 IST" duration-ms="0" status="PASS">
          <reporter-output>
          </reporter-output>
        </test-method> <!-- at -->
        <test-method is-config="true" signature="as()[pri:0, instance:webElement.textbox.ToRegisterUserAndLoginTest@117159c0]" started-at="2024-01-11T12:26:32 IST" name="as" finished-at="2024-01-11T12:26:32 IST" duration-ms="0" status="PASS">
          <reporter-output>
          </reporter-output>
        </test-method> <!-- as -->
      </class> <!-- webElement.textbox.ToRegisterUserAndLoginTest -->
    </test> <!-- Default test -->
  </suite> <!-- Default suite -->
</testng-results>
